<?xml version="1.0" encoding="UTF-8"?>
<testng-results skipped="0" failed="0" total="1" passed="1">
  <reporter-output>
  </reporter-output>
  <suite name="Default suite" duration-ms="51014" started-at="2021-02-22T08:30:45Z" finished-at="2021-02-22T08:31:36Z">
    <groups>
    </groups>
    <test name="Default test" duration-ms="51014" started-at="2021-02-22T08:30:45Z" finished-at="2021-02-22T08:31:36Z">
      <class name="MobileTesting.OnNativeWebHybridApplication.TestRegisterPage">
        <test-method status="PASS" signature="beforeClass()[pri:0, instance:MobileTesting.OnNativeWebHybridApplication.TestRegisterPage@26653222]" name="beforeClass" is-config="true" duration-ms="32047" started-at="2021-02-22T14:00:45Z" finished-at="2021-02-22T14:01:17Z">
          <reporter-output>
          </reporter-output>
        </test-method> <!-- beforeClass -->
        <test-method status="PASS" signature="login()[pri:0, instance:MobileTesting.OnNativeWebHybridApplication.TestRegisterPage@26653222]" name="login" duration-ms="18220" started-at="2021-02-22T14:01:17Z" finished-at="2021-02-22T14:01:36Z">
          <reporter-output>
          </reporter-output>
        </test-method> <!-- login -->
        <test-method status="PASS" signature="afterClass()[pri:0, instance:MobileTesting.OnNativeWebHybridApplication.TestRegisterPage@26653222]" name="afterClass" is-config="true" duration-ms="716" started-at="2021-02-22T14:01:36Z" finished-at="2021-02-22T14:01:36Z">
          <reporter-output>
          </reporter-output>
        </test-method> <!-- afterClass -->
      </class> <!-- MobileTesting.OnNativeWebHybridApplication.TestRegisterPage -->
    </test> <!-- Default test -->
  </suite> <!-- Default suite -->
</testng-results>
